<?xml version="1.0" encoding="UTF-8"?>
<!-- Generated by org.testng.reporters.JUnitReportReporter -->
<testsuite hostname="Apples-Mac-mini.local" failures="0" tests="1" name="testClass.LoginTest" time="26.527" errors="0" timestamp="2024-04-29T15:19:38 IST" skipped="0">
  <testcase classname="testClass.LoginTest" name="method" time="26.527"/>
  <system-out/>
</testsuite> <!-- testClass.LoginTest -->
