<?xml version="1.0" encoding="UTF-8"?>
<!-- Generated by org.testng.reporters.JUnitReportReporter -->
<testsuite hostname="Apples-Mac-mini.local" failures="0" tests="1" name="testClass.HomeTest" time="16.352" errors="0" timestamp="2024-02-28T16:25:50 IST" skipped="0">
  <testcase classname="testClass.HomeTest" name="method" time="16.352"/>
</testsuite> <!-- testClass.HomeTest -->
