<?xml version="1.0" encoding="UTF-8"?>
<!-- Generated by org.testng.reporters.JUnitReportReporter -->
<testsuite hostname="Apples-Mac-mini.local" failures="0" tests="1" name="testClass.HomeTast" time="76.155" errors="0" timestamp="2024-02-15T11:32:44 IST" skipped="0">
  <testcase classname="testClass.HomeTast" name="homeTestMetod" time="76.155"/>
  <system-out/>
</testsuite> <!-- testClass.HomeTast -->
