<?xml version="1.0" encoding="UTF-8"?>
<!-- Generated by org.testng.reporters.JUnitReportReporter -->
<testsuite hostname="Apples-Mac-mini.local" failures="0" tests="1" name="testBase.TestBase" time="14.318" errors="0" timestamp="2024-02-19T16:28:08 IST" skipped="0">
  <testcase classname="testBase.TestBase" name="prerequisite" time="14.318"/>
</testsuite> <!-- testBase.TestBase -->
