<?xml version="1.0" encoding="UTF-8"?>
<!-- Generated by org.testng.reporters.JUnitReportReporter -->
<testsuite hostname="DESKTOP-NA2JSR3" failures="0" tests="1" name="testClass.VerifyForgotPasswordUrlTest" time="9.426" errors="0" timestamp="2024-08-02T18:22:18 IST" skipped="0">
  <testcase classname="testClass.VerifyForgotPasswordUrlTest" name="VerifyForgotPasswordUrlTestMethod" time="9.426"/>
  <system-out/>
</testsuite> <!-- testClass.VerifyForgotPasswordUrlTest -->
